[frc4079.org/index.html]
[backblue.gif]
[fade.gif]
[index.html]
[frc4079.org/assets/img/favicon.svg]
[frc4079.org/assets/css/bootstrap-5.0.0-beta2.min.css]
[frc4079.org/assets/css/LineIcons.2.0.css]
[frc4079.org/assets/css/tiny-slider.css]
[frc4079.org/assets/css/animate.css]
[frc4079.org/assets/css/main.css]
[frc4079.org/index-2.html]
[frc4079.org/assets/img/logo/logo.svg]
[frc4079.org/assets/img/hero/team1.png]
[frc4079.org/assets/img/about/collage.png]
[frc4079.org/assets/img/counter-up/collage2.png]
[frc4079.org/index.html]
[frc4079.org/assets/img/favicon.svg]
[frc4079.org/assets/css/bootstrap-5.0.0-beta2.min.css]
[frc4079.org/assets/fonts/LineIcons.eot]
[frc4079.org/assets/fonts/LineIcons.woff2]
[frc4079.org/assets/fonts/LineIcons.woff]
[frc4079.org/assets/fonts/LineIcons.ttf]
[frc4079.org/assets/css/LineIcons.2.0.css]
[frc4079.org/assets/css/tiny-slider.css]
[frc4079.org/assets/css/animate.css]
[frc4079.org/assets/fonts/LineIcons.svg]
[frc4079.org/assets/img/hero/hero-bg.jpg]
[frc4079.org/assets/img/service/service-bg.jpg]
[frc4079.org/assets/img/portfolio/portfolio-bg.jpg]
[frc4079.org/assets/css/main.css]
[frc4079.org/assets/img/footer/footer-bg.svg]
[frc4079.org/assets/img/cta/cta-bg.jpg]
[frc4079.org/assets/img/sponsors/NASA.svg]
[frc4079.org/assets/img/sponsors/JPL.svg]
[frc4079.org/assets/img/sponsors/MSI.svg]
[frc4079.org/assets/img/sponsors/AppliedMedical.png]
[frc4079.org/assets/img/sponsors/OCRA.png]
[frc4079.org/assets/img/pricing/pricing-shape.svg]
[frc4079.org/assets/img/team/transparent.png]
[frc4079.org/assets/img/team/ascent.jpg]
[frc4079.org/assets/img/team/pubbot.jpg]
[frc4079.org/assets/img/team/lightspeed.jpg]
[frc4079.org/assets/img/team/lowrider.jpg]
[frc4079.org/assets/img/team/otis.jpg]
[frc4079.org/assets/img/team/dreadnought.jpg]
[frc4079.org/assets/img/logo/logosmall.jpg]
[frc4079.org/assets/js/bootstrap-5.0.0-beta2.min.js]
[frc4079.org/assets/js/count-up.min.js]
[frc4079.org/assets/js/tiny-slider.js]
[frc4079.org/assets/js/wow.min.js]
[frc4079.org/assets/js/polifill.js]
[frc4079.org/index-2.html]
[frc4079.org/assets/img/logo/logo.svg]
[frc4079.org/assets/js/main.js]
[www.instagram.com/embed.js]
[frc4079.org/assets/fonts/LineIcons.svg]
[frc4079.org/assets/img/footer/footer-bg.svg]
[frc4079.org/assets/img/sponsors/NASA.svg]
[frc4079.org/assets/img/sponsors/JPL.svg]
[frc4079.org/assets/img/sponsors/MSI.svg]
[frc4079.org/assets/img/pricing/pricing-shape.svg]
